<?xml version="1.0" encoding="UTF-8"?>
<!-- Generated by org.testng.reporters.JUnitXMLReporter -->
<testsuite ignored="0" hostname="Pragatis-MBP.lan" failures="0" tests="6" name="Test" time="0.079" errors="0" timestamp="2023-10-08T21:42:40 GMT-05:00">
  <testcase classname="Test.Oct8Test2" name="testCase1" time="0.01"/>
  <testcase classname="Test.Oct8Test2" name="testCase2" time="0.002"/>
  <testcase classname="Test.Oct8Test2" name="testCase3" time="0.002"/>
  <testcase classname="Test.Oct8Test3" name="testCase4" time="0.001"/>
  <testcase classname="Test.Oct8Test3" name="testCase5" time="0.001"/>
  <testcase classname="Test.Oct8Test3" name="testCase6" time="0.001"/>
</testsuite> <!-- Test -->
